#
# A fatal error has been detected by the Java Runtime Environment:
#
#  EXCEPTION_ACCESS_VIOLATION (0xc0000005) at pc=0x000000007110b5db, pid=18464, tid=12392
#
# JRE version: Java(TM) SE Runtime Environment (18.0+36) (build 18+36-2087)
# Java VM: Java HotSpot(TM) 64-Bit Server VM (18+36-2087, mixed mode, sharing, tiered, compressed oops, compressed class ptrs, g1 gc, windows-amd64)
# Problematic frame:
# C  [jSSC-2.8_x86_64.dll+0xb5db]
#
# No core dump will be written. Minidumps are not enabled by default on client versions of Windows
#
# If you would like to submit a bug report, please visit:
#   https://bugreport.java.com/bugreport/crash.jsp
# The crash happened outside the Java Virtual Machine in native code.
# See problematic frame for where to report the bug.
#

---------------  S U M M A R Y ------------

Command Line: com.ivitorrito.arduinobluetooth.rxMultiple

Host: 12th Gen Intel(R) Core(TM) i5-12600K, 16 cores, 31G,  Windows 11 , 64 bit Build 22621 (10.0.22621.2428)
Time: Mon Oct 30 19:28:26 2023 Hora estándar romance elapsed time: 0.032838 seconds (0d 0h 0m 0s)

---------------  T H R E A D  ---------------

Current thread (0x000001e73e0a16b0):  JavaThread "main" [_thread_in_native, id=12392, stack(0x0000004973b00000,0x0000004973c00000)]

Stack: [0x0000004973b00000,0x0000004973c00000],  sp=0x0000004973bfed40,  free space=1019k
Native frames: (J=compiled Java code, j=interpreted, Vv=VM code, C=native code)
C  [jSSC-2.8_x86_64.dll+0xb5db]

Java frames: (J=compiled Java code, j=interpreted, Vv=VM code)
j  jssc.SerialNativeInterface.openPort(Ljava/lang/String;Z)J+0
j  jssc.SerialPort.openPort()Z+65
j  com.panamahitek.PanamaHitek_Arduino.arduinoRX(Ljava/lang/String;ILjssc/SerialPortEventListener;)V+58
j  com.ivitorrito.arduinobluetooth.rxMultiple.main([Ljava/lang/String;)V+11
v  ~StubRoutines::call_stub

siginfo: EXCEPTION_ACCESS_VIOLATION (0xc0000005), reading address 0x000000003c0b23f7


Register to memory mapping:

RIP=0x000000007110b5db jSSC-2.8_x86_64.dll
RAX=0x000000003c0b23f7 is an unknown value
RBX=0x0000004973bfedb0 is pointing into the stack for thread: 0x000001e73e0a16b0
RCX=0x00007ffff7b0f5d4 ntdll.dll
RDX=0x0 is NULL
RSP=0x0000004973bfed40 is pointing into the stack for thread: 0x000001e73e0a16b0
RBP=0x0000004973bfeec0 is pointing into the stack for thread: 0x000001e73e0a16b0
RSI=0x000001e73e0a1940 points into unknown readable memory: 0x00007fff7f844710 | 10 47 84 7f ff 7f 00 00
RDI=0x0000000000000460 is an unknown value
R8 =0x0000004973bfec38 is pointing into the stack for thread: 0x000001e73e0a16b0
R9 =0x0 is NULL
R10=0x0 is NULL
R11=0x0000000000000246 is an unknown value
R12=0x0000004973bfef80 is pointing into the stack for thread: 0x000001e73e0a16b0
R13=0x000001e76f535270 points into unknown readable memory: 0x006c6c00374d4f43 | 43 4f 4d 37 00 6c 6c 00
R14=0x0000004973bfee70 is pointing into the stack for thread: 0x000001e73e0a16b0
R15=0x000001e73e0a16b0 is a thread


Registers:
RAX=0x000000003c0b23f7, RBX=0x0000004973bfedb0, RCX=0x00007ffff7b0f5d4, RDX=0x0000000000000000
RSP=0x0000004973bfed40, RBP=0x0000004973bfeec0, RSI=0x000001e73e0a1940, RDI=0x0000000000000460
R8 =0x0000004973bfec38, R9 =0x0000000000000000, R10=0x0000000000000000, R11=0x0000000000000246
R12=0x0000004973bfef80, R13=0x000001e76f535270, R14=0x0000004973bfee70, R15=0x000001e73e0a16b0
RIP=0x000000007110b5db, EFLAGS=0x0000000000010206

Top of Stack: (sp=0x0000004973bfed40)
0x0000004973bfed40:   0000000000000000 0000000000000000
0x0000004973bfed50:   000000007110b230 00007fff7f4125cf
0x0000004973bfed60:   000001e73e0a16b0 0000000000000004
0x0000004973bfed70:   000001e73e0a1940 0000000000000460
0x0000004973bfed80:   0000004973bfeec0 0000000071112590
0x0000004973bfed90:   000001e76f535260 000001e73be20000
0x0000004973bfeda0:   0000004973bfeec0 0000000000000000
0x0000004973bfedb0:   0000000000000000 0000000000000000
0x0000004973bfedc0:   0000000000000460 00007ffff56c37eb
0x0000004973bfedd0:   000001e76f535270 000001e73e0a1940
0x0000004973bfede0:   0000000071113500 0000000071113be8
0x0000004973bfedf0:   0000004973bfee20 0000000071112641
0x0000004973bfee00:   0000004973bfed90 0000000000000000
0x0000004973bfee10:   0000000000000000 0000000000000000
0x0000004973bfee20:   0000004973bfeec0 0000000071101595
0x0000004973bfee30:   000000000000001c 0000004973bfee80 

Instructions: (pc=0x000000007110b5db)
0x000000007110b4db:   48 85 c0 74 bf 44 8b 03 45 85 c0 0f 84 77 ff ff
0x000000007110b4eb:   ff eb 9f 66 90 e8 8b fe ff ff 48 89 05 0c 34 01
0x000000007110b4fb:   00 eb ad 66 90 e8 7b fe ff ff 48 89 05 fc 33 01
0x000000007110b50b:   00 eb 8b e8 8d fe ff ff c7 03 01 00 00 00 e9 6f
0x000000007110b51b:   ff ff ff 66 90 55 48 89 e5 56 53 48 83 ec 20 48
0x000000007110b52b:   8b 05 d7 33 01 00 48 8b 31 48 89 cb 48 85 c0 74
0x000000007110b53b:   56 44 8b 18 45 85 db 78 42 48 8b 05 bd 33 01 00
0x000000007110b54b:   48 85 c0 74 50 44 8b 10 45 85 d2 74 1d 48 89 f1
0x000000007110b55b:   e8 d0 fd ff ff 48 8b 13 48 8d 42 40 48 8b 48 08
0x000000007110b56b:   48 8b 6a 40 48 8b 60 10 ff e1 48 8b 05 9c 33 01
0x000000007110b57b:   00 48 85 c0 74 2d 48 89 30 eb da e8 b5 fe ff ff
0x000000007110b58b:   0f 1f 44 00 00 eb b2 e8 e9 fd ff ff 48 89 05 6a
0x000000007110b59b:   33 01 00 eb 9c e8 db fd ff ff 48 89 05 5c 33 01
0x000000007110b5ab:   00 eb a2 e8 3d fd ff ff 48 89 05 5e 33 01 00 eb
0x000000007110b5bb:   c5 0f 1f 40 00 55 57 56 53 48 83 ec 28 48 8b 05
0x000000007110b5cb:   39 33 01 00 48 89 cb 48 85 c0 0f 84 c5 00 00 00
0x000000007110b5db:   8b 38 85 ff 0f 88 ab 00 00 00 48 8b 05 1c 33 01
0x000000007110b5eb:   00 48 85 c0 0f 84 bc 00 00 00 8b 30 85 f6 74 57
0x000000007110b5fb:   48 8b 05 0e 33 01 00 48 85 c0 0f 84 e5 00 00 00
0x000000007110b60b:   8b 28 48 8b 35 10 5e 01 00 ff d6 89 c7 89 e9 ff
0x000000007110b61b:   15 f4 5e 01 00 89 f9 48 89 c5 ff 15 b9 5e 01 00
0x000000007110b62b:   48 8b 05 de 32 01 00 48 89 2b 48 85 c0 74 46 48
0x000000007110b63b:   89 da 8b 08 ff 15 d7 5e 01 00 85 c0 74 27 48 83
0x000000007110b64b:   c4 28 5b 5e 5f 5d c3 48 8b 05 bf 32 01 00 48 85
0x000000007110b65b:   c0 74 64 48 8b 10 48 89 13 48 89 18 48 83 c4 28
0x000000007110b66b:   5b 5e 5f 5d c3 48 89 f2 48 83 c4 28 5b 5e 5f 5d
0x000000007110b67b:   48 ff e2 66 90 e8 8b fc ff ff 48 89 05 84 32 01
0x000000007110b68b:   00 eb ac 66 90 e8 ab fd ff ff e9 4b ff ff ff 66
0x000000007110b69b:   0f 1f 44 00 00 e8 db fc ff ff 48 89 05 5c 32 01
0x000000007110b6ab:   00 e9 2a ff ff ff e8 ca fc ff ff 48 89 05 4b 32
0x000000007110b6bb:   01 00 e9 33 ff ff ff e8 29 fc ff ff 48 89 05 4a
0x000000007110b6cb:   32 01 00 48 8b 10 48 85 c0 48 89 13 75 8b e8 12 


Stack slot to memory mapping:
stack at sp + 0 slots: 0x0 is NULL
stack at sp + 1 slots: 0x0 is NULL
stack at sp + 2 slots: 0x000000007110b230 jSSC-2.8_x86_64.dll
stack at sp + 3 slots: 0x00007fff7f4125cf jvm.dll
stack at sp + 4 slots: 0x000001e73e0a16b0 is a thread
stack at sp + 5 slots: 0x0000000000000004 is an unknown value
stack at sp + 6 slots: 0x000001e73e0a1940 points into unknown readable memory: 0x00007fff7f844710 | 10 47 84 7f ff 7f 00 00
stack at sp + 7 slots: 0x0000000000000460 is an unknown value


---------------  P R O C E S S  ---------------

Threads class SMR info:
_java_thread_list=0x000001e76f53a300, length=15, elements={
0x000001e73e0a16b0, 0x000001e768266ca0, 0x000001e768267900, 0x000001e768287330,
0x000001e768287cd0, 0x000001e768288670, 0x000001e768289010, 0x000001e768292510,
0x000001e768296800, 0x000001e768299a10, 0x000001e76f4f4200, 0x000001e76f52fe50,
0x000001e76f532770, 0x000001e76f534c80, 0x000001e76f53a400
}

Java Threads: ( => current thread )
=>0x000001e73e0a16b0 JavaThread "main" [_thread_in_native, id=12392, stack(0x0000004973b00000,0x0000004973c00000)]
  0x000001e768266ca0 JavaThread "Reference Handler" daemon [_thread_blocked, id=6428, stack(0x0000004974200000,0x0000004974300000)]
  0x000001e768267900 JavaThread "Finalizer" daemon [_thread_blocked, id=17308, stack(0x0000004974300000,0x0000004974400000)]
  0x000001e768287330 JavaThread "Signal Dispatcher" daemon [_thread_blocked, id=19696, stack(0x0000004974400000,0x0000004974500000)]
  0x000001e768287cd0 JavaThread "Attach Listener" daemon [_thread_blocked, id=18036, stack(0x0000004974500000,0x0000004974600000)]
  0x000001e768288670 JavaThread "Service Thread" daemon [_thread_blocked, id=19284, stack(0x0000004974600000,0x0000004974700000)]
  0x000001e768289010 JavaThread "Monitor Deflation Thread" daemon [_thread_blocked, id=11188, stack(0x0000004974700000,0x0000004974800000)]
  0x000001e768292510 JavaThread "C2 CompilerThread0" daemon [_thread_blocked, id=12028, stack(0x0000004974800000,0x0000004974900000)]
  0x000001e768296800 JavaThread "C1 CompilerThread0" daemon [_thread_blocked, id=19620, stack(0x0000004974900000,0x0000004974a00000)]
  0x000001e768299a10 JavaThread "Sweeper thread" daemon [_thread_blocked, id=16232, stack(0x0000004974a00000,0x0000004974b00000)]
  0x000001e76f4f4200 JavaThread "C1 CompilerThread1" daemon [_thread_blocked, id=13636, stack(0x0000004974b00000,0x0000004974c00000)]
  0x000001e76f52fe50 JavaThread "C1 CompilerThread2" daemon [_thread_blocked, id=19864, stack(0x0000004974c00000,0x0000004974d00000)]
  0x000001e76f532770 JavaThread "C1 CompilerThread3" daemon [_thread_blocked, id=19408, stack(0x0000004974d00000,0x0000004974e00000)]
  0x000001e76f534c80 JavaThread "Notification Thread" daemon [_thread_blocked, id=15680, stack(0x0000004974e00000,0x0000004974f00000)]
  0x000001e76f53a400 JavaThread "Common-Cleaner" daemon [_thread_blocked, id=19792, stack(0x0000004975000000,0x0000004975100000)]

Other Threads:
  0x000001e7682642e0 VMThread "VM Thread" [stack: 0x0000004974100000,0x0000004974200000] [id=19972]
  0x000001e76f537970 WatcherThread "VM Periodic Task Thread" [stack: 0x0000004974f00000,0x0000004975000000] [id=18608]
  0x000001e73e155910 WorkerThread "GC Thread#0" [stack: 0x0000004973c00000,0x0000004973d00000] [id=17208]
  0x000001e7680bc730 ConcurrentGCThread "G1 Main Marker" [stack: 0x0000004973d00000,0x0000004973e00000] [id=15408]
  0x000001e73e15b930 WorkerThread "G1 Conc#0" [stack: 0x0000004973e00000,0x0000004973f00000] [id=20184]
  0x000001e7681232e0 ConcurrentGCThread "G1 Refine#0" [stack: 0x0000004973f00000,0x0000004974000000] [id=13492]
  0x000001e768123bf0 ConcurrentGCThread "G1 Service" [stack: 0x0000004974000000,0x0000004974100000] [id=6520]

Threads with active compile tasks:

VM state: not at safepoint (normal execution)

VM Mutex/Monitor currently owned by a thread: None

Heap address: 0x0000000602c00000, size: 8148 MB, Compressed Oops mode: Zero based, Oop shift amount: 3

CDS archive(s) mapped at: [0x0000000800000000-0x0000000800ba0000-0x0000000800ba0000), size 12189696, SharedBaseAddress: 0x0000000800000000, ArchiveRelocationMode: 0.
Compressed class space mapped at: 0x0000000800c00000-0x0000000840c00000, reserved size: 1073741824
Narrow klass base: 0x0000000800000000, Narrow klass shift: 0, Narrow klass range: 0x100000000

GC Precious Log:
 CardTable entry size: 512
 Card Set container configuration: InlinePtr #cards 4 size 8 Array Of Cards #cards 32 size 80 Howl #buckets 8 coarsen threshold 7372 Howl Bitmap #cards 1024 size 144 coarsen threshold 921 Card regions per heap region 1 cards per card region 8192
 CPUs: 16 total, 16 available
 Memory: 32585M
 Large Page Support: Disabled
 NUMA Support: Disabled
 Compressed Oops: Enabled (Zero based)
 Heap Region Size: 4M
 Heap Min Capacity: 8M
 Heap Initial Capacity: 512M
 Heap Max Capacity: 8148M
 Pre-touch: Disabled
 Parallel Workers: 13
 Concurrent Workers: 3
 Concurrent Refinement Workers: 13
 Periodic GC: Disabled

Heap:
 garbage-first heap   total 524288K, used 0K [0x0000000602c00000, 0x0000000800000000)
  region size 4096K, 1 young (4096K), 0 survivors (0K)
 Metaspace       used 274K, committed 448K, reserved 1114112K
  class space    used 18K, committed 128K, reserved 1048576K

Heap Regions: E=young(eden), S=young(survivor), O=old, HS=humongous(starts), HC=humongous(continues), CS=collection set, F=free, OA=open archive, CA=closed archive, TAMS=top-at-mark-start (previous, next)
|   0|0x0000000602c00000, 0x0000000602c00000, 0x0000000603000000|  0%| F|  |TAMS 0x0000000602c00000, 0x0000000602c00000| Untracked 
|   1|0x0000000603000000, 0x0000000603000000, 0x0000000603400000|  0%| F|  |TAMS 0x0000000603000000, 0x0000000603000000| Untracked 
|   2|0x0000000603400000, 0x0000000603400000, 0x0000000603800000|  0%| F|  |TAMS 0x0000000603400000, 0x0000000603400000| Untracked 
|   3|0x0000000603800000, 0x0000000603800000, 0x0000000603c00000|  0%| F|  |TAMS 0x0000000603800000, 0x0000000603800000| Untracked 
|   4|0x0000000603c00000, 0x0000000603c00000, 0x0000000604000000|  0%| F|  |TAMS 0x0000000603c00000, 0x0000000603c00000| Untracked 
|   5|0x0000000604000000, 0x0000000604000000, 0x0000000604400000|  0%| F|  |TAMS 0x0000000604000000, 0x0000000604000000| Untracked 
|   6|0x0000000604400000, 0x0000000604400000, 0x0000000604800000|  0%| F|  |TAMS 0x0000000604400000, 0x0000000604400000| Untracked 
|   7|0x0000000604800000, 0x0000000604800000, 0x0000000604c00000|  0%| F|  |TAMS 0x0000000604800000, 0x0000000604800000| Untracked 
|   8|0x0000000604c00000, 0x0000000604c00000, 0x0000000605000000|  0%| F|  |TAMS 0x0000000604c00000, 0x0000000604c00000| Untracked 
|   9|0x0000000605000000, 0x0000000605000000, 0x0000000605400000|  0%| F|  |TAMS 0x0000000605000000, 0x0000000605000000| Untracked 
|  10|0x0000000605400000, 0x0000000605400000, 0x0000000605800000|  0%| F|  |TAMS 0x0000000605400000, 0x0000000605400000| Untracked 
|  11|0x0000000605800000, 0x0000000605800000, 0x0000000605c00000|  0%| F|  |TAMS 0x0000000605800000, 0x0000000605800000| Untracked 
|  12|0x0000000605c00000, 0x0000000605c00000, 0x0000000606000000|  0%| F|  |TAMS 0x0000000605c00000, 0x0000000605c00000| Untracked 
|  13|0x0000000606000000, 0x0000000606000000, 0x0000000606400000|  0%| F|  |TAMS 0x0000000606000000, 0x0000000606000000| Untracked 
|  14|0x0000000606400000, 0x0000000606400000, 0x0000000606800000|  0%| F|  |TAMS 0x0000000606400000, 0x0000000606400000| Untracked 
|  15|0x0000000606800000, 0x0000000606800000, 0x0000000606c00000|  0%| F|  |TAMS 0x0000000606800000, 0x0000000606800000| Untracked 
|  16|0x0000000606c00000, 0x0000000606c00000, 0x0000000607000000|  0%| F|  |TAMS 0x0000000606c00000, 0x0000000606c00000| Untracked 
|  17|0x0000000607000000, 0x0000000607000000, 0x0000000607400000|  0%| F|  |TAMS 0x0000000607000000, 0x0000000607000000| Untracked 
|  18|0x0000000607400000, 0x0000000607400000, 0x0000000607800000|  0%| F|  |TAMS 0x0000000607400000, 0x0000000607400000| Untracked 
|  19|0x0000000607800000, 0x0000000607800000, 0x0000000607c00000|  0%| F|  |TAMS 0x0000000607800000, 0x0000000607800000| Untracked 
|  20|0x0000000607c00000, 0x0000000607c00000, 0x0000000608000000|  0%| F|  |TAMS 0x0000000607c00000, 0x0000000607c00000| Untracked 
|  21|0x0000000608000000, 0x0000000608000000, 0x0000000608400000|  0%| F|  |TAMS 0x0000000608000000, 0x0000000608000000| Untracked 
|  22|0x0000000608400000, 0x0000000608400000, 0x0000000608800000|  0%| F|  |TAMS 0x0000000608400000, 0x0000000608400000| Untracked 
|  23|0x0000000608800000, 0x0000000608800000, 0x0000000608c00000|  0%| F|  |TAMS 0x0000000608800000, 0x0000000608800000| Untracked 
|  24|0x0000000608c00000, 0x0000000608c00000, 0x0000000609000000|  0%| F|  |TAMS 0x0000000608c00000, 0x0000000608c00000| Untracked 
|  25|0x0000000609000000, 0x0000000609000000, 0x0000000609400000|  0%| F|  |TAMS 0x0000000609000000, 0x0000000609000000| Untracked 
|  26|0x0000000609400000, 0x0000000609400000, 0x0000000609800000|  0%| F|  |TAMS 0x0000000609400000, 0x0000000609400000| Untracked 
|  27|0x0000000609800000, 0x0000000609800000, 0x0000000609c00000|  0%| F|  |TAMS 0x0000000609800000, 0x0000000609800000| Untracked 
|  28|0x0000000609c00000, 0x0000000609c00000, 0x000000060a000000|  0%| F|  |TAMS 0x0000000609c00000, 0x0000000609c00000| Untracked 
|  29|0x000000060a000000, 0x000000060a000000, 0x000000060a400000|  0%| F|  |TAMS 0x000000060a000000, 0x000000060a000000| Untracked 
|  30|0x000000060a400000, 0x000000060a400000, 0x000000060a800000|  0%| F|  |TAMS 0x000000060a400000, 0x000000060a400000| Untracked 
|  31|0x000000060a800000, 0x000000060a800000, 0x000000060ac00000|  0%| F|  |TAMS 0x000000060a800000, 0x000000060a800000| Untracked 
|  32|0x000000060ac00000, 0x000000060ac00000, 0x000000060b000000|  0%| F|  |TAMS 0x000000060ac00000, 0x000000060ac00000| Untracked 
|  33|0x000000060b000000, 0x000000060b000000, 0x000000060b400000|  0%| F|  |TAMS 0x000000060b000000, 0x000000060b000000| Untracked 
|  34|0x000000060b400000, 0x000000060b400000, 0x000000060b800000|  0%| F|  |TAMS 0x000000060b400000, 0x000000060b400000| Untracked 
|  35|0x000000060b800000, 0x000000060b800000, 0x000000060bc00000|  0%| F|  |TAMS 0x000000060b800000, 0x000000060b800000| Untracked 
|  36|0x000000060bc00000, 0x000000060bc00000, 0x000000060c000000|  0%| F|  |TAMS 0x000000060bc00000, 0x000000060bc00000| Untracked 
|  37|0x000000060c000000, 0x000000060c000000, 0x000000060c400000|  0%| F|  |TAMS 0x000000060c000000, 0x000000060c000000| Untracked 
|  38|0x000000060c400000, 0x000000060c400000, 0x000000060c800000|  0%| F|  |TAMS 0x000000060c400000, 0x000000060c400000| Untracked 
|  39|0x000000060c800000, 0x000000060c800000, 0x000000060cc00000|  0%| F|  |TAMS 0x000000060c800000, 0x000000060c800000| Untracked 
|  40|0x000000060cc00000, 0x000000060cc00000, 0x000000060d000000|  0%| F|  |TAMS 0x000000060cc00000, 0x000000060cc00000| Untracked 
|  41|0x000000060d000000, 0x000000060d000000, 0x000000060d400000|  0%| F|  |TAMS 0x000000060d000000, 0x000000060d000000| Untracked 
|  42|0x000000060d400000, 0x000000060d400000, 0x000000060d800000|  0%| F|  |TAMS 0x000000060d400000, 0x000000060d400000| Untracked 
|  43|0x000000060d800000, 0x000000060d800000, 0x000000060dc00000|  0%| F|  |TAMS 0x000000060d800000, 0x000000060d800000| Untracked 
|  44|0x000000060dc00000, 0x000000060dc00000, 0x000000060e000000|  0%| F|  |TAMS 0x000000060dc00000, 0x000000060dc00000| Untracked 
|  45|0x000000060e000000, 0x000000060e000000, 0x000000060e400000|  0%| F|  |TAMS 0x000000060e000000, 0x000000060e000000| Untracked 
|  46|0x000000060e400000, 0x000000060e400000, 0x000000060e800000|  0%| F|  |TAMS 0x000000060e400000, 0x000000060e400000| Untracked 
|  47|0x000000060e800000, 0x000000060e800000, 0x000000060ec00000|  0%| F|  |TAMS 0x000000060e800000, 0x000000060e800000| Untracked 
|  48|0x000000060ec00000, 0x000000060ec00000, 0x000000060f000000|  0%| F|  |TAMS 0x000000060ec00000, 0x000000060ec00000| Untracked 
|  49|0x000000060f000000, 0x000000060f000000, 0x000000060f400000|  0%| F|  |TAMS 0x000000060f000000, 0x000000060f000000| Untracked 
|  50|0x000000060f400000, 0x000000060f400000, 0x000000060f800000|  0%| F|  |TAMS 0x000000060f400000, 0x000000060f400000| Untracked 
|  51|0x000000060f800000, 0x000000060f800000, 0x000000060fc00000|  0%| F|  |TAMS 0x000000060f800000, 0x000000060f800000| Untracked 
|  52|0x000000060fc00000, 0x000000060fc00000, 0x0000000610000000|  0%| F|  |TAMS 0x000000060fc00000, 0x000000060fc00000| Untracked 
|  53|0x0000000610000000, 0x0000000610000000, 0x0000000610400000|  0%| F|  |TAMS 0x0000000610000000, 0x0000000610000000| Untracked 
|  54|0x0000000610400000, 0x0000000610400000, 0x0000000610800000|  0%| F|  |TAMS 0x0000000610400000, 0x0000000610400000| Untracked 
|  55|0x0000000610800000, 0x0000000610800000, 0x0000000610c00000|  0%| F|  |TAMS 0x0000000610800000, 0x0000000610800000| Untracked 
|  56|0x0000000610c00000, 0x0000000610c00000, 0x0000000611000000|  0%| F|  |TAMS 0x0000000610c00000, 0x0000000610c00000| Untracked 
|  57|0x0000000611000000, 0x0000000611000000, 0x0000000611400000|  0%| F|  |TAMS 0x0000000611000000, 0x0000000611000000| Untracked 
|  58|0x0000000611400000, 0x0000000611400000, 0x0000000611800000|  0%| F|  |TAMS 0x0000000611400000, 0x0000000611400000| Untracked 
|  59|0x0000000611800000, 0x0000000611800000, 0x0000000611c00000|  0%| F|  |TAMS 0x0000000611800000, 0x0000000611800000| Untracked 
|  60|0x0000000611c00000, 0x0000000611c00000, 0x0000000612000000|  0%| F|  |TAMS 0x0000000611c00000, 0x0000000611c00000| Untracked 
|  61|0x0000000612000000, 0x0000000612000000, 0x0000000612400000|  0%| F|  |TAMS 0x0000000612000000, 0x0000000612000000| Untracked 
|  62|0x0000000612400000, 0x0000000612400000, 0x0000000612800000|  0%| F|  |TAMS 0x0000000612400000, 0x0000000612400000| Untracked 
|  63|0x0000000612800000, 0x0000000612800000, 0x0000000612c00000|  0%| F|  |TAMS 0x0000000612800000, 0x0000000612800000| Untracked 
|  64|0x0000000612c00000, 0x0000000612c00000, 0x0000000613000000|  0%| F|  |TAMS 0x0000000612c00000, 0x0000000612c00000| Untracked 
|  65|0x0000000613000000, 0x0000000613000000, 0x0000000613400000|  0%| F|  |TAMS 0x0000000613000000, 0x0000000613000000| Untracked 
|  66|0x0000000613400000, 0x0000000613400000, 0x0000000613800000|  0%| F|  |TAMS 0x0000000613400000, 0x0000000613400000| Untracked 
|  67|0x0000000613800000, 0x0000000613800000, 0x0000000613c00000|  0%| F|  |TAMS 0x0000000613800000, 0x0000000613800000| Untracked 
|  68|0x0000000613c00000, 0x0000000613c00000, 0x0000000614000000|  0%| F|  |TAMS 0x0000000613c00000, 0x0000000613c00000| Untracked 
|  69|0x0000000614000000, 0x0000000614000000, 0x0000000614400000|  0%| F|  |TAMS 0x0000000614000000, 0x0000000614000000| Untracked 
|  70|0x0000000614400000, 0x0000000614400000, 0x0000000614800000|  0%| F|  |TAMS 0x0000000614400000, 0x0000000614400000| Untracked 
|  71|0x0000000614800000, 0x0000000614800000, 0x0000000614c00000|  0%| F|  |TAMS 0x0000000614800000, 0x0000000614800000| Untracked 
|  72|0x0000000614c00000, 0x0000000614c00000, 0x0000000615000000|  0%| F|  |TAMS 0x0000000614c00000, 0x0000000614c00000| Untracked 
|  73|0x0000000615000000, 0x0000000615000000, 0x0000000615400000|  0%| F|  |TAMS 0x0000000615000000, 0x0000000615000000| Untracked 
|  74|0x0000000615400000, 0x0000000615400000, 0x0000000615800000|  0%| F|  |TAMS 0x0000000615400000, 0x0000000615400000| Untracked 
|  75|0x0000000615800000, 0x0000000615800000, 0x0000000615c00000|  0%| F|  |TAMS 0x0000000615800000, 0x0000000615800000| Untracked 
|  76|0x0000000615c00000, 0x0000000615c00000, 0x0000000616000000|  0%| F|  |TAMS 0x0000000615c00000, 0x0000000615c00000| Untracked 
|  77|0x0000000616000000, 0x0000000616000000, 0x0000000616400000|  0%| F|  |TAMS 0x0000000616000000, 0x0000000616000000| Untracked 
|  78|0x0000000616400000, 0x0000000616400000, 0x0000000616800000|  0%| F|  |TAMS 0x0000000616400000, 0x0000000616400000| Untracked 
|  79|0x0000000616800000, 0x0000000616800000, 0x0000000616c00000|  0%| F|  |TAMS 0x0000000616800000, 0x0000000616800000| Untracked 
|  80|0x0000000616c00000, 0x0000000616c00000, 0x0000000617000000|  0%| F|  |TAMS 0x0000000616c00000, 0x0000000616c00000| Untracked 
|  81|0x0000000617000000, 0x0000000617000000, 0x0000000617400000|  0%| F|  |TAMS 0x0000000617000000, 0x0000000617000000| Untracked 
|  82|0x0000000617400000, 0x0000000617400000, 0x0000000617800000|  0%| F|  |TAMS 0x0000000617400000, 0x0000000617400000| Untracked 
|  83|0x0000000617800000, 0x0000000617800000, 0x0000000617c00000|  0%| F|  |TAMS 0x0000000617800000, 0x0000000617800000| Untracked 
|  84|0x0000000617c00000, 0x0000000617c00000, 0x0000000618000000|  0%| F|  |TAMS 0x0000000617c00000, 0x0000000617c00000| Untracked 
|  85|0x0000000618000000, 0x0000000618000000, 0x0000000618400000|  0%| F|  |TAMS 0x0000000618000000, 0x0000000618000000| Untracked 
|  86|0x0000000618400000, 0x0000000618400000, 0x0000000618800000|  0%| F|  |TAMS 0x0000000618400000, 0x0000000618400000| Untracked 
|  87|0x0000000618800000, 0x0000000618800000, 0x0000000618c00000|  0%| F|  |TAMS 0x0000000618800000, 0x0000000618800000| Untracked 
|  88|0x0000000618c00000, 0x0000000618c00000, 0x0000000619000000|  0%| F|  |TAMS 0x0000000618c00000, 0x0000000618c00000| Untracked 
|  89|0x0000000619000000, 0x0000000619000000, 0x0000000619400000|  0%| F|  |TAMS 0x0000000619000000, 0x0000000619000000| Untracked 
|  90|0x0000000619400000, 0x0000000619400000, 0x0000000619800000|  0%| F|  |TAMS 0x0000000619400000, 0x0000000619400000| Untracked 
|  91|0x0000000619800000, 0x0000000619800000, 0x0000000619c00000|  0%| F|  |TAMS 0x0000000619800000, 0x0000000619800000| Untracked 
|  92|0x0000000619c00000, 0x0000000619c00000, 0x000000061a000000|  0%| F|  |TAMS 0x0000000619c00000, 0x0000000619c00000| Untracked 
|  93|0x000000061a000000, 0x000000061a000000, 0x000000061a400000|  0%| F|  |TAMS 0x000000061a000000, 0x000000061a000000| Untracked 
|  94|0x000000061a400000, 0x000000061a400000, 0x000000061a800000|  0%| F|  |TAMS 0x000000061a400000, 0x000000061a400000| Untracked 
|  95|0x000000061a800000, 0x000000061a800000, 0x000000061ac00000|  0%| F|  |TAMS 0x000000061a800000, 0x000000061a800000| Untracked 
|  96|0x000000061ac00000, 0x000000061ac00000, 0x000000061b000000|  0%| F|  |TAMS 0x000000061ac00000, 0x000000061ac00000| Untracked 
|  97|0x000000061b000000, 0x000000061b000000, 0x000000061b400000|  0%| F|  |TAMS 0x000000061b000000, 0x000000061b000000| Untracked 
|  98|0x000000061b400000, 0x000000061b400000, 0x000000061b800000|  0%| F|  |TAMS 0x000000061b400000, 0x000000061b400000| Untracked 
|  99|0x000000061b800000, 0x000000061b800000, 0x000000061bc00000|  0%| F|  |TAMS 0x000000061b800000, 0x000000061b800000| Untracked 
| 100|0x000000061bc00000, 0x000000061bc00000, 0x000000061c000000|  0%| F|  |TAMS 0x000000061bc00000, 0x000000061bc00000| Untracked 
| 101|0x000000061c000000, 0x000000061c000000, 0x000000061c400000|  0%| F|  |TAMS 0x000000061c000000, 0x000000061c000000| Untracked 
| 102|0x000000061c400000, 0x000000061c400000, 0x000000061c800000|  0%| F|  |TAMS 0x000000061c400000, 0x000000061c400000| Untracked 
| 103|0x000000061c800000, 0x000000061c800000, 0x000000061cc00000|  0%| F|  |TAMS 0x000000061c800000, 0x000000061c800000| Untracked 
| 104|0x000000061cc00000, 0x000000061cc00000, 0x000000061d000000|  0%| F|  |TAMS 0x000000061cc00000, 0x000000061cc00000| Untracked 
| 105|0x000000061d000000, 0x000000061d000000, 0x000000061d400000|  0%| F|  |TAMS 0x000000061d000000, 0x000000061d000000| Untracked 
| 106|0x000000061d400000, 0x000000061d400000, 0x000000061d800000|  0%| F|  |TAMS 0x000000061d400000, 0x000000061d400000| Untracked 
| 107|0x000000061d800000, 0x000000061d800000, 0x000000061dc00000|  0%| F|  |TAMS 0x000000061d800000, 0x000000061d800000| Untracked 
| 108|0x000000061dc00000, 0x000000061dc00000, 0x000000061e000000|  0%| F|  |TAMS 0x000000061dc00000, 0x000000061dc00000| Untracked 
| 109|0x000000061e000000, 0x000000061e000000, 0x000000061e400000|  0%| F|  |TAMS 0x000000061e000000, 0x000000061e000000| Untracked 
| 110|0x000000061e400000, 0x000000061e400000, 0x000000061e800000|  0%| F|  |TAMS 0x000000061e400000, 0x000000061e400000| Untracked 
| 111|0x000000061e800000, 0x000000061e800000, 0x000000061ec00000|  0%| F|  |TAMS 0x000000061e800000, 0x000000061e800000| Untracked 
| 112|0x000000061ec00000, 0x000000061ec00000, 0x000000061f000000|  0%| F|  |TAMS 0x000000061ec00000, 0x000000061ec00000| Untracked 
| 113|0x000000061f000000, 0x000000061f000000, 0x000000061f400000|  0%| F|  |TAMS 0x000000061f000000, 0x000000061f000000| Untracked 
| 114|0x000000061f400000, 0x000000061f400000, 0x000000061f800000|  0%| F|  |TAMS 0x000000061f400000, 0x000000061f400000| Untracked 
| 115|0x000000061f800000, 0x000000061f800000, 0x000000061fc00000|  0%| F|  |TAMS 0x000000061f800000, 0x000000061f800000| Untracked 
| 116|0x000000061fc00000, 0x000000061fc00000, 0x0000000620000000|  0%| F|  |TAMS 0x000000061fc00000, 0x000000061fc00000| Untracked 
| 117|0x0000000620000000, 0x0000000620000000, 0x0000000620400000|  0%| F|  |TAMS 0x0000000620000000, 0x0000000620000000| Untracked 
| 118|0x0000000620400000, 0x0000000620400000, 0x0000000620800000|  0%| F|  |TAMS 0x0000000620400000, 0x0000000620400000| Untracked 
| 119|0x0000000620800000, 0x0000000620800000, 0x0000000620c00000|  0%| F|  |TAMS 0x0000000620800000, 0x0000000620800000| Untracked 
| 120|0x0000000620c00000, 0x0000000620c00000, 0x0000000621000000|  0%| F|  |TAMS 0x0000000620c00000, 0x0000000620c00000| Untracked 
| 121|0x0000000621000000, 0x0000000621000000, 0x0000000621400000|  0%| F|  |TAMS 0x0000000621000000, 0x0000000621000000| Untracked 
| 122|0x0000000621400000, 0x0000000621400000, 0x0000000621800000|  0%| F|  |TAMS 0x0000000621400000, 0x0000000621400000| Untracked 
| 123|0x0000000621800000, 0x0000000621800000, 0x0000000621c00000|  0%| F|  |TAMS 0x0000000621800000, 0x0000000621800000| Untracked 
| 124|0x0000000621c00000, 0x0000000621c00000, 0x0000000622000000|  0%| F|  |TAMS 0x0000000621c00000, 0x0000000621c00000| Untracked 
| 125|0x0000000622000000, 0x0000000622000000, 0x0000000622400000|  0%| F|  |TAMS 0x0000000622000000, 0x0000000622000000| Untracked 
| 126|0x0000000622400000, 0x0000000622400000, 0x0000000622800000|  0%| F|  |TAMS 0x0000000622400000, 0x0000000622400000| Untracked 
| 127|0x0000000622800000, 0x00000006229eb960, 0x0000000622c00000| 48%| E|  |TAMS 0x0000000622800000, 0x0000000622800000| Complete 

Card table byte_map: [0x000001e756230000,0x000001e757220000] _byte_map_base: 0x000001e75321a000

Marking Bits (Prev, Next): (CMBitMap*) 0x000001e73e156f20, (CMBitMap*) 0x000001e73e156f60
 Prev Bits: [0x000001e758210000, 0x000001e760160000)
 Next Bits: [0x000001e760160000, 0x000001e7680b0000)

Polling page: 0x000001e73c070000

Metaspace:

Usage:
  Non-class:    255.17 KB used.
      Class:     18.99 KB used.
       Both:    274.16 KB used.

Virtual space:
  Non-class space:       64.00 MB reserved,     320.00 KB ( <1%) committed,  1 nodes.
      Class space:        1.00 GB reserved,     128.00 KB ( <1%) committed,  1 nodes.
             Both:        1.06 GB reserved,     448.00 KB ( <1%) committed. 

Chunk freelists:
   Non-Class:  3.94 MB
       Class:  3.73 MB
        Both:  7.67 MB

MaxMetaspaceSize: unlimited
CompressedClassSpaceSize: 1.00 GB
Initial GC threshold: 21.00 MB
Current GC threshold: 21.00 MB
CDS: on
MetaspaceReclaimPolicy: balanced
 - commit_granule_bytes: 65536.
 - commit_granule_words: 8192.
 - virtual_space_node_default_size: 8388608.
 - enlarge_chunks_in_place: 1.
 - new_chunks_are_fully_committed: 0.
 - uncommit_free_chunks: 1.
 - use_allocation_guard: 0.


Internal statistics:

num_allocs_failed_limit: 0.
num_arena_births: 4.
num_arena_deaths: 0.
num_vsnodes_births: 2.
num_vsnodes_deaths: 0.
num_space_committed: 7.
num_space_uncommitted: 0.
num_chunks_returned_to_freelist: 0.
num_chunks_taken_from_freelist: 11.
num_chunk_merges: 0.
num_chunk_splits: 5.
num_chunks_enlarged: 6.
num_inconsistent_stats: 0.

CodeHeap 'non-profiled nmethods': size=119168Kb used=14Kb max_used=14Kb free=119153Kb
 bounds [0x000001e74d560000, 0x000001e74d7d0000, 0x000001e7549c0000]
CodeHeap 'profiled nmethods': size=119104Kb used=118Kb max_used=118Kb free=118985Kb
 bounds [0x000001e746110000, 0x000001e746380000, 0x000001e74d560000]
CodeHeap 'non-nmethods': size=7488Kb used=2758Kb max_used=2758Kb free=4729Kb
 bounds [0x000001e7459c0000, 0x000001e745c80000, 0x000001e746110000]
 total_blobs=413 nmethods=90 adapters=233
 compilation: enabled
              stopped_count=0, restarted_count=0
 full_count=0

Compilation events (20 events):
Event: 0.026 Thread 0x000001e76f52fe50   81       3       java.lang.String::<init> (15 bytes)
Event: 0.026 Thread 0x000001e76f52fe50 nmethod 81 0x000001e746129810 code [0x000001e7461299a0, 0x000001e746129b78]
Event: 0.027 Thread 0x000001e76f52fe50   82       3       java.lang.String::getBytes (44 bytes)
Event: 0.027 Thread 0x000001e76f52fe50 nmethod 82 0x000001e746129c10 code [0x000001e746129de0, 0x000001e74612a0f8]
Event: 0.028 Thread 0x000001e76f52fe50   83       3       java.lang.StringBuilder::append (8 bytes)
Event: 0.028 Thread 0x000001e768296800   84       3       java.lang.AbstractStringBuilder::append (45 bytes)
Event: 0.028 Thread 0x000001e76f4f4200   85       3       java.lang.AbstractStringBuilder::putStringAt (19 bytes)
Event: 0.028 Thread 0x000001e76f532770   86       3       java.lang.AbstractStringBuilder::inflateIfNeededFor (22 bytes)
Event: 0.028 Thread 0x000001e76f52fe50 nmethod 83 0x000001e74612a210 code [0x000001e74612a3a0, 0x000001e74612a4e8]
Event: 0.028 Thread 0x000001e76f532770 nmethod 86 0x000001e74612a590 code [0x000001e74612a740, 0x000001e74612a968]
Event: 0.028 Thread 0x000001e76f4f4200 nmethod 85 0x000001e74612aa90 code [0x000001e74612ac60, 0x000001e74612af38]
Event: 0.028 Thread 0x000001e768296800 nmethod 84 0x000001e74612b090 code [0x000001e74612b2a0, 0x000001e74612b7d8]
Event: 0.029 Thread 0x000001e768296800   87       3       java.lang.CharacterDataLatin1::getProperties (11 bytes)
Event: 0.029 Thread 0x000001e768296800 nmethod 87 0x000001e74612ba10 code [0x000001e74612bba0, 0x000001e74612bcd8]
Event: 0.029 Thread 0x000001e768296800   88       3       java.util.Arrays::copyOfRange (64 bytes)
Event: 0.029 Thread 0x000001e768296800 nmethod 88 0x000001e74612bd90 code [0x000001e74612c000, 0x000001e74612c918]
Event: 0.029 Thread 0x000001e76f532770   89       3       java.lang.StringLatin1::lastIndexOf (40 bytes)
Event: 0.029 Thread 0x000001e76f532770 nmethod 89 0x000001e74612cc90 code [0x000001e74612ce60, 0x000001e74612d258]
Event: 0.030 Thread 0x000001e76f532770   90       3       java.lang.CharacterDataLatin1::toLowerCase (39 bytes)
Event: 0.030 Thread 0x000001e76f532770 nmethod 90 0x000001e74612d390 code [0x000001e74612d540, 0x000001e74612d798]

GC Heap History (0 events):
No events

Deoptimization events (0 events):
No events

Classes loaded (14 events):
Event: 0.022 Loading class jdk/internal/loader/URLClassPath$FileLoader
Event: 0.022 Loading class jdk/internal/loader/URLClassPath$FileLoader done
Event: 0.022 Loading class jdk/internal/loader/URLClassPath$FileLoader$1
Event: 0.022 Loading class jdk/internal/loader/URLClassPath$FileLoader$1 done
Event: 0.029 Loading class java/lang/SecurityException
Event: 0.029 Loading class java/lang/SecurityException done
Event: 0.029 Loading class java/lang/InterruptedException
Event: 0.029 Loading class java/lang/InterruptedException done
Event: 0.030 Loading class java/io/Reader
Event: 0.030 Loading class java/io/Reader done
Event: 0.030 Loading class java/io/InputStreamReader
Event: 0.030 Loading class java/io/InputStreamReader done
Event: 0.030 Loading class java/io/IOException
Event: 0.030 Loading class java/io/IOException done

Classes unloaded (0 events):
No events

Classes redefined (0 events):
No events

Internal exceptions (0 events):
No events

VM Operations (2 events):
Event: 0.026 Executing VM operation: HandshakeAllThreads
Event: 0.026 Executing VM operation: HandshakeAllThreads done

Events (20 events):
Event: 0.008 Loaded shared library C:\Program Files\Java\jdk-18\bin\jsvml.dll
Event: 0.008 Thread 0x000001e73e0a16b0 Thread added: 0x000001e73e0a16b0
Event: 0.009 Thread 0x000001e768266ca0 Thread added: 0x000001e768266ca0
Event: 0.009 Thread 0x000001e768267900 Thread added: 0x000001e768267900
Event: 0.013 Thread 0x000001e768287330 Thread added: 0x000001e768287330
Event: 0.013 Thread 0x000001e768287cd0 Thread added: 0x000001e768287cd0
Event: 0.013 Thread 0x000001e768288670 Thread added: 0x000001e768288670
Event: 0.013 Thread 0x000001e768289010 Thread added: 0x000001e768289010
Event: 0.013 Thread 0x000001e768292510 Thread added: 0x000001e768292510
Event: 0.013 Thread 0x000001e768296800 Thread added: 0x000001e768296800
Event: 0.013 Thread 0x000001e768299a10 Thread added: 0x000001e768299a10
Event: 0.020 Thread 0x000001e76f4f4200 Thread added: 0x000001e76f4f4200
Event: 0.021 Thread 0x000001e76f52fe50 Thread added: 0x000001e76f52fe50
Event: 0.021 Thread 0x000001e76f532770 Thread added: 0x000001e76f532770
Event: 0.021 Thread 0x000001e76f534c80 Thread added: 0x000001e76f534c80
Event: 0.023 Thread 0x000001e76f53a400 Thread added: 0x000001e76f53a400
Event: 0.025 Loaded shared library C:\Program Files\Java\jdk-18\bin\net.dll
Event: 0.025 Loaded shared library C:\Program Files\Java\jdk-18\bin\nio.dll
Event: 0.026 Loaded shared library C:\Program Files\Java\jdk-18\bin\zip.dll
Event: 0.031 Loaded shared library C:\Users\ivan\.jssc\windows\jSSC-2.8_x86_64.dll


Dynamic libraries:
0x00007ff734b60000 - 0x00007ff734b70000 	C:\Program Files\Java\jdk-18\bin\java.exe
0x00007ffff7a70000 - 0x00007ffff7c87000 	C:\WINDOWS\SYSTEM32\ntdll.dll
0x00007ffff6bd0000 - 0x00007ffff6c94000 	C:\WINDOWS\System32\KERNEL32.DLL
0x00007ffff5300000 - 0x00007ffff56a6000 	C:\WINDOWS\System32\KERNELBASE.dll
0x00007ffff56b0000 - 0x00007ffff57c1000 	C:\WINDOWS\System32\ucrtbase.dll
0x00007fffe9f90000 - 0x00007fffe9fa8000 	C:\Program Files\Java\jdk-18\bin\jli.dll
0x00007fffd33c0000 - 0x00007fffd33da000 	C:\Program Files\Java\jdk-18\bin\VCRUNTIME140.dll
0x00007ffff5dd0000 - 0x00007ffff5e80000 	C:\WINDOWS\System32\ADVAPI32.dll
0x00007ffff6d30000 - 0x00007ffff6dd7000 	C:\WINDOWS\System32\msvcrt.dll
0x00007ffff75c0000 - 0x00007ffff7666000 	C:\WINDOWS\System32\sechost.dll
0x00007ffff57d0000 - 0x00007ffff58e7000 	C:\WINDOWS\System32\RPCRT4.dll
0x00007ffff69c0000 - 0x00007ffff6b6d000 	C:\WINDOWS\System32\USER32.dll
0x00007fffd6f00000 - 0x00007fffd7193000 	C:\WINDOWS\WinSxS\amd64_microsoft.windows.common-controls_6595b64144ccf1df_6.0.22621.2361_none_2712ced57382f843\COMCTL32.dll
0x00007ffff4eb0000 - 0x00007ffff4ed6000 	C:\WINDOWS\System32\win32u.dll
0x00007ffff6990000 - 0x00007ffff69b9000 	C:\WINDOWS\System32\GDI32.dll
0x00007ffff4ee0000 - 0x00007ffff4ff8000 	C:\WINDOWS\System32\gdi32full.dll
0x00007ffff5070000 - 0x00007ffff510a000 	C:\WINDOWS\System32\msvcp_win.dll
0x00007fffeeb50000 - 0x00007fffeeb5a000 	C:\WINDOWS\SYSTEM32\VERSION.dll
0x00007ffff5d20000 - 0x00007ffff5d51000 	C:\WINDOWS\System32\IMM32.DLL
0x00007fffd33b0000 - 0x00007fffd33bc000 	C:\Program Files\Java\jdk-18\bin\vcruntime140_1.dll
0x00007fff8fc20000 - 0x00007fff8fcad000 	C:\Program Files\Java\jdk-18\bin\msvcp140.dll
0x00007fff7ed80000 - 0x00007fff7f991000 	C:\Program Files\Java\jdk-18\bin\server\jvm.dll
0x00007ffff5980000 - 0x00007ffff5988000 	C:\WINDOWS\System32\PSAPI.DLL
0x00007fffe6bf0000 - 0x00007fffe6c24000 	C:\WINDOWS\SYSTEM32\WINMM.dll
0x00007fffd9790000 - 0x00007fffd9799000 	C:\WINDOWS\SYSTEM32\WSOCK32.dll
0x00007ffff5e80000 - 0x00007ffff5ef1000 	C:\WINDOWS\System32\WS2_32.dll
0x00007ffff3dd0000 - 0x00007ffff3de8000 	C:\WINDOWS\SYSTEM32\kernel.appcore.dll
0x00007fffd33a0000 - 0x00007fffd33aa000 	C:\Program Files\Java\jdk-18\bin\jimage.dll
0x00007fffe51c0000 - 0x00007fffe53ee000 	C:\WINDOWS\SYSTEM32\DBGHELP.DLL
0x00007ffff5990000 - 0x00007ffff5d1a000 	C:\WINDOWS\System32\combase.dll
0x00007ffff6820000 - 0x00007ffff68f7000 	C:\WINDOWS\System32\OLEAUT32.dll
0x00007fffd7c20000 - 0x00007fffd7c52000 	C:\WINDOWS\SYSTEM32\dbgcore.DLL
0x00007ffff5280000 - 0x00007ffff52fa000 	C:\WINDOWS\System32\bcryptPrimitives.dll
0x00007fff8fdf0000 - 0x00007fff8fe15000 	C:\Program Files\Java\jdk-18\bin\java.dll
0x00007fff8fd10000 - 0x00007fff8fde6000 	C:\Program Files\Java\jdk-18\bin\jsvml.dll
0x00007ffff5fc0000 - 0x00007ffff6818000 	C:\WINDOWS\System32\SHELL32.dll
0x00007ffff2d50000 - 0x00007ffff3642000 	C:\WINDOWS\SYSTEM32\windows.storage.dll
0x00007ffff2c10000 - 0x00007ffff2d4e000 	C:\WINDOWS\SYSTEM32\wintypes.dll
0x00007ffff74c0000 - 0x00007ffff75b3000 	C:\WINDOWS\System32\SHCORE.dll
0x00007ffff6b70000 - 0x00007ffff6bce000 	C:\WINDOWS\System32\shlwapi.dll
0x00007ffff4d20000 - 0x00007ffff4d46000 	C:\WINDOWS\SYSTEM32\profapi.dll
0x00007fff8fcf0000 - 0x00007fff8fd03000 	C:\Program Files\Java\jdk-18\bin\net.dll
0x00007fffee760000 - 0x00007fffee897000 	C:\WINDOWS\SYSTEM32\WINHTTP.dll
0x00007ffff42b0000 - 0x00007ffff4319000 	C:\WINDOWS\system32\mswsock.dll
0x00007fff8fcd0000 - 0x00007fff8fce6000 	C:\Program Files\Java\jdk-18\bin\nio.dll
0x00007fff8fcb0000 - 0x00007fff8fcc8000 	C:\Program Files\Java\jdk-18\bin\zip.dll
0x0000000071100000 - 0x0000000071125000 	C:\Users\ivan\.jssc\windows\jSSC-2.8_x86_64.dll

dbghelp: loaded successfully - version: 4.0.5 - missing functions: none
symbol engine: initialized successfully - sym options: 0x614 - pdb path: .;C:\Program Files\Java\jdk-18\bin;C:\WINDOWS\SYSTEM32;C:\WINDOWS\WinSxS\amd64_microsoft.windows.common-controls_6595b64144ccf1df_6.0.22621.2361_none_2712ced57382f843;C:\Program Files\Java\jdk-18\bin\server;C:\Users\ivan\.jssc\windows

VM Arguments:
java_command: com.ivitorrito.arduinobluetooth.rxMultiple
java_class_path (initial): C:\Users\ivan\Documents\NetBeansProjects\ArduinoBluetooth\target\classes;C:\Users\ivan\.m2\repository\com\github\PanamaHitek\PanamaHitek_Arduino\3.0.4\PanamaHitek_Arduino-3.0.4.jar;C:\Users\ivan\.m2\repository\org\apache\poi\poi-ooxml\4.1.0\poi-ooxml-4.1.0.jar;C:\Users\ivan\.m2\repository\org\apache\poi\poi\4.1.0\poi-4.1.0.jar;C:\Users\ivan\.m2\repository\commons-codec\commons-codec\1.12\commons-codec-1.12.jar;C:\Users\ivan\.m2\repository\org\apache\commons\commons-collections4\4.3\commons-collections4-4.3.jar;C:\Users\ivan\.m2\repository\org\apache\commons\commons-math3\3.6.1\commons-math3-3.6.1.jar;C:\Users\ivan\.m2\repository\org\apache\poi\poi-ooxml-schemas\4.1.0\poi-ooxml-schemas-4.1.0.jar;C:\Users\ivan\.m2\repository\org\apache\xmlbeans\xmlbeans\3.1.0\xmlbeans-3.1.0.jar;C:\Users\ivan\.m2\repository\org\apache\commons\commons-compress\1.18\commons-compress-1.18.jar;C:\Users\ivan\.m2\repository\com\github\virtuald\curvesapi\1.06\curvesapi-1.06.jar;C:\Users\ivan\.m2\repository\org\jfree\jfreechart\1.0.19\jfreechart-1.0.19.jar;C:\Users\ivan\.m2\repository\org\jfree\jcommon\1.0.23\jcommon-1.0.23.jar;C:\Users\ivan\.m2\repository\com\googlecode\json-simple\json-simple\1.1.1\json-simple-1.1.1.jar;C:\Users\ivan\.m2\repository\junit\junit\4.10\junit-4.10.jar;C:\Users\ivan\.m2\repository\org\hamcrest\hamcrest-core\1.1\hamcrest-core-1.1.jar;C:\Users\ivan\.m2\repository\com\eclipsesource\minimal-json\minimal-json\0.9.1\minimal-json-0.9.1.jar
Launcher Type: SUN_STANDARD

[Global flags]
     intx CICompilerCount                          = 12                                        {product} {ergonomic}
     uint ConcGCThreads                            = 3                                         {product} {ergonomic}
     uint G1ConcRefinementThreads                  = 13                                        {product} {ergonomic}
   size_t G1HeapRegionSize                         = 4194304                                   {product} {ergonomic}
    uintx GCDrainStackTargetSize                   = 64                                        {product} {ergonomic}
   size_t InitialHeapSize                          = 536870912                                 {product} {ergonomic}
   size_t MarkStackSize                            = 4194304                                   {product} {ergonomic}
   size_t MaxHeapSize                              = 8543797248                                {product} {ergonomic}
   size_t MaxNewSize                               = 5125439488                                {product} {ergonomic}
   size_t MinHeapDeltaBytes                        = 4194304                                   {product} {ergonomic}
   size_t MinHeapSize                              = 8388608                                   {product} {ergonomic}
    uintx NonNMethodCodeHeapSize                   = 7602480                                {pd product} {ergonomic}
    uintx NonProfiledCodeHeapSize                  = 122027880                              {pd product} {ergonomic}
    uintx ProfiledCodeHeapSize                     = 122027880                              {pd product} {ergonomic}
    uintx ReservedCodeCacheSize                    = 251658240                              {pd product} {ergonomic}
     bool SegmentedCodeCache                       = true                                      {product} {ergonomic}
   size_t SoftMaxHeapSize                          = 8543797248                             {manageable} {ergonomic}
     bool UseCompressedClassPointers               = true                           {product lp64_product} {ergonomic}
     bool UseCompressedOops                        = true                           {product lp64_product} {ergonomic}
     bool UseG1GC                                  = true                                      {product} {ergonomic}
     bool UseLargePagesIndividualAllocation        = false                                  {pd product} {ergonomic}

Logging:
Log output configuration:
 #0: stdout all=warning uptime,level,tags foldmultilines=false
 #1: stderr all=off uptime,level,tags foldmultilines=false

Environment Variables:
JAVA_HOME=C:\Program Files\Java\jdk-18
PATH=C:\Program Files\Common Files\Oracle\Java\javapath;C:\Program Files (x86)\Common Files\Oracle\Java\javapath;C:\Windows\system32;C:\Windows;C:\Windows\System32\Wbem;C:\Windows\System32\WindowsPowerShell\v1.0\;C:\Windows\System32\OpenSSH\;C:\Program Files\dotnet\;C:\Program Files (x86)\Windows Kits\8.1\Windows Performance Toolkit\;C:\Program Files\AutoFirma\AutoFirma;C:\Program Files\PuTTY\;C:\Program Files\Git\cmd;C:\Program Files (x86)\NVIDIA Corporation\PhysX\Common;C:\Program Files\NVIDIA Corporation\NVIDIA NvDLISR;C:\WINDOWS\system32;C:\WINDOWS;C:\WINDOWS\System32\Wbem;C:\WINDOWS\System32\WindowsPowerShell\v1.0\;C:\WINDOWS\System32\OpenSSH\;C:\Users\ivan\AppData\Local\Microsoft\WindowsApps;C:\Users\ivan\Desktop\PhoenixSuit_V1.10\;
USERNAME=ivan
OS=Windows_NT
PROCESSOR_IDENTIFIER=Intel64 Family 6 Model 151 Stepping 2, GenuineIntel



---------------  S Y S T E M  ---------------

OS:
 Windows 11 , 64 bit Build 22621 (10.0.22621.2428)
OS uptime: 8 days 2:18 hours

CPU: total 16 (initial active 16) (8 cores per cpu, 2 threads per core) family 6 model 151 stepping 2 microcode 0x15, cx8, cmov, fxsr, ht, mmx, 3dnowpref, sse, sse2, sse3, ssse3, sse4.1, sse4.2, popcnt, lzcnt, tsc, tscinvbit, avx, avx2, aes, erms, clmul, bmi1, bmi2, adx, sha, fma, vzeroupper, clflush, clflushopt, clwb, serialize

Memory: 4k page, system-wide physical 32585M (22443M free)
TotalPageFile size 34633M (AvailPageFile size 20285M)
current process WorkingSet (physical memory assigned to process): 30M, peak: 30M
current process commit charge ("private bytes"): 620M, peak: 620M

vm_info: Java HotSpot(TM) 64-Bit Server VM (18+36-2087) for windows-amd64 JRE (18+36-2087), built on Feb 15 2022 09:43:11 by "mach5one" with MS VC++ 16.8 / 16.9 (VS2019)

END.
